<?xml version="1.0" encoding="UTF-8"?>
<!-- Generated by org.testng.reporters.JUnitReportReporter -->
<testsuite hostname="DESKTOP-STJ2LOG" failures="0" tests="1" name="restapiautomation.excelDriven" time="5.524" errors="0" timestamp="2022-04-10T18:27:30 IST" skipped="0">
  <testcase classname="restapiautomation.excelDriven" name="addBook" time="5.524"/>
  <system-out/>
</testsuite> <!-- restapiautomation.excelDriven -->
