<?xml version="1.0" encoding="UTF-8"?>
<!-- Generated by org.testng.reporters.JUnitReportReporter -->
<testsuite hostname="DESKTOP-STJ2LOG" failures="0" tests="1" name="restapiautomation.SumValidation" time="3.066" errors="0" timestamp="2022-03-08T19:45:20 IST" skipped="0">
  <testcase classname="restapiautomation.SumValidation" name="sumOfCourses" time="3.066"/>
  <system-out/>
</testsuite> <!-- restapiautomation.SumValidation -->
