<?xml version="1.0" encoding="UTF-8"?>
<!-- Generated by org.testng.reporters.JUnitReportReporter -->
<testsuite hostname="DESKTOP-STJ2LOG" failures="0" tests="1" name="files.DynamicJson" time="3.740" errors="0" timestamp="2022-03-09T17:27:57 IST" skipped="0">
  <testcase classname="files.DynamicJson" name="addBook" time="3.740"/>
  <system-out/>
</testsuite> <!-- files.DynamicJson -->
